Sending build context to Docker daemon  316.4kB
Step 1/22 : FROM ubuntu:18.04
 ---> 2ca708c1c9cc
Step 2/22 : ENV PATH="/root/miniconda3/bin:${PATH}"
 ---> Using cache
 ---> 708c2dd3eb42
Step 3/22 : ARG PATH="/root/miniconda3/bin:${PATH}"
 ---> Using cache
 ---> 1362856cf10f
Step 4/22 : LABEL base.image="ubuntu:18.04"
 ---> Using cache
 ---> c31ecbc8fb79
Step 5/22 : LABEL version="0.0.92"
 ---> Using cache
 ---> 03feef7dc304
Step 6/22 : LABEL software="SC4DA"
 ---> Using cache
 ---> ebe619178f55
Step 7/22 : LABEL software.version="0.0.92"
 ---> Using cache
 ---> 76b7336d01a6
Step 8/22 : LABEL software.description="Environment with standard packages for data analysis."
 ---> Using cache
 ---> 3cf906d21867
Step 9/22 : LABEL maintainer="maciej.bak@unibas.ch"
 ---> Using cache
 ---> e633d7946d7c
Step 10/22 : LABEL maintainer.organisation="Swiss Institute of Bioinformatics"
 ---> Using cache
 ---> 550b9182bc00
Step 11/22 : LABEL maintainer.location="Klingelbergstrasse 50/70, CH-4056 Basel, Switzerland"
 ---> Using cache
 ---> 7ca1f3af2519
Step 12/22 : RUN apt-get update
 ---> Using cache
 ---> 1aa5e0b00081
Step 13/22 : RUN apt-get install -y wget && rm -rf /var/lib/apt/lists/*
 ---> Using cache
 ---> 77dcecdcbc7b
Step 14/22 : RUN wget --no-verbose     https://repo.anaconda.com/miniconda/Miniconda3-latest-Linux-x86_64.sh     && mkdir /root/.conda     && bash Miniconda3-latest-Linux-x86_64.sh -b     && rm -f Miniconda3-latest-Linux-x86_64.sh
 ---> Using cache
 ---> 8cafb2d3e20f
Step 15/22 : RUN conda update --name base --channel defaults conda
 ---> Using cache
 ---> 453d7e969dbc
Step 16/22 : COPY conda_packages.yaml .
 ---> Using cache
 ---> 64b971e0232e
Step 17/22 : RUN conda env update --name base --file conda_packages.yaml
 ---> Using cache
 ---> 172fb0de18ff
Step 18/22 : RUN conda clean -all
 ---> Using cache
 ---> c06fe500666f
Step 19/22 : COPY test.sh .
 ---> 01b4363389d5
Step 20/22 : COPY test.r .
 ---> 50a8c830cd0c
Step 21/22 : COPY test.py .
 ---> 22de2e93a006
Step 22/22 : CMD ["bash", "test.sh"]
 ---> Running in 3567cc30a20d
Removing intermediate container 3567cc30a20d
 ---> e39abb6b6a10
Successfully built e39abb6b6a10
Successfully tagged sc4da:v0.0.0.9000
